<?xml version="1.0" encoding="UTF-8"?>
<!-- Generated by org.testng.reporters.JUnitReportReporter -->
<testsuite hostname="192.168.1.33" failures="0" tests="1" name="runners.TestRunner" time="18.309" errors="0" timestamp="2025-10-23T14:25:12 TRT" skipped="0">
  <testcase classname="runners.TestRunner" name="runScenario" time="18.309"/>
</testsuite> <!-- runners.TestRunner -->
