<?xml version="1.0" encoding="UTF-8"?>
<!-- Generated by org.testng.reporters.JUnitReportReporter -->
<testsuite hostname="192.168.1.33" failures="0" tests="1" name="runners.TestRunner" time="12.555" errors="0" timestamp="2025-10-21T17:33:17 TRT" skipped="0">
  <testcase classname="runners.TestRunner" name="runScenario" time="12.555"/>
</testsuite> <!-- runners.TestRunner -->
