<?xml version="1.0" encoding="UTF-8"?>
<testsuite xmlns:xsi="http://www.w3.org/2001/XMLSchema-instance" xsi:noNamespaceSchemaLocation="https://maven.apache.org/surefire/maven-surefire-plugin/xsd/surefire-test-report-3.0.xsd" version="3.0" name="runners.TestRunner" time="22.569" tests="1" errors="0" skipped="0" failures="1">
  <properties>
    <property name="cucumber.features" value="src/test/resources/Feature"/>
    <property name="java.specification.version" value="21"/>
    <property name="sun.jnu.encoding" value="UTF-8"/>
    <property name="java.class.path" value="/Users/katali/Desktop/TeknasyonAppiumQAFramework/target-221123102025/test-classes:/Users/katali/Desktop/TeknasyonAppiumQAFramework/target-221123102025/classes:/Users/katali/.m2/repository/io/appium/java-client/8.6.0/java-client-8.6.0.jar:/Users/katali/.m2/repository/org/seleniumhq/selenium/selenium-api/4.13.0/selenium-api-4.13.0.jar:/Users/katali/.m2/repository/org/seleniumhq/selenium/selenium-remote-driver/4.13.0/selenium-remote-driver-4.13.0.jar:/Users/katali/.m2/repository/com/google/auto/service/auto-service-annotations/1.1.1/auto-service-annotations-1.1.1.jar:/Users/katali/.m2/repository/com/google/guava/guava/32.1.2-jre/guava-32.1.2-jre.jar:/Users/katali/.m2/repository/com/google/guava/failureaccess/1.0.1/failureaccess-1.0.1.jar:/Users/katali/.m2/repository/com/google/guava/listenablefuture/9999.0-empty-to-avoid-conflict-with-guava/listenablefuture-9999.0-empty-to-avoid-conflict-with-guava.jar:/Users/katali/.m2/repository/com/google/code/findbugs/jsr305/3.0.2/jsr305-3.0.2.jar:/Users/katali/.m2/repository/org/checkerframework/checker-qual/3.33.0/checker-qual-3.33.0.jar:/Users/katali/.m2/repository/com/google/errorprone/error_prone_annotations/2.18.0/error_prone_annotations-2.18.0.jar:/Users/katali/.m2/repository/com/google/j2objc/j2objc-annotations/2.8/j2objc-annotations-2.8.jar:/Users/katali/.m2/repository/io/netty/netty-buffer/4.1.96.Final/netty-buffer-4.1.96.Final.jar:/Users/katali/.m2/repository/io/netty/netty-codec-http/4.1.96.Final/netty-codec-http-4.1.96.Final.jar:/Users/katali/.m2/repository/io/netty/netty-codec/4.1.96.Final/netty-codec-4.1.96.Final.jar:/Users/katali/.m2/repository/io/netty/netty-handler/4.1.96.Final/netty-handler-4.1.96.Final.jar:/Users/katali/.m2/repository/io/netty/netty-common/4.1.96.Final/netty-common-4.1.96.Final.jar:/Users/katali/.m2/repository/io/netty/netty-transport-classes-epoll/4.1.96.Final/netty-transport-classes-epoll-4.1.96.Final.jar:/Users/katali/.m2/repository/io/netty/netty-transport-classes-kqueue/4.1.96.Final/netty-transport-classes-kqueue-4.1.96.Final.jar:/Users/katali/.m2/repository/io/netty/netty-transport-native-epoll/4.1.96.Final/netty-transport-native-epoll-4.1.96.Final.jar:/Users/katali/.m2/repository/io/netty/netty-transport-native-kqueue/4.1.96.Final/netty-transport-native-kqueue-4.1.96.Final.jar:/Users/katali/.m2/repository/io/netty/netty-transport-native-unix-common/4.1.96.Final/netty-transport-native-unix-common-4.1.96.Final.jar:/Users/katali/.m2/repository/io/netty/netty-transport/4.1.96.Final/netty-transport-4.1.96.Final.jar:/Users/katali/.m2/repository/io/netty/netty-resolver/4.1.96.Final/netty-resolver-4.1.96.Final.jar:/Users/katali/.m2/repository/io/opentelemetry/opentelemetry-api/1.28.0/opentelemetry-api-1.28.0.jar:/Users/katali/.m2/repository/io/opentelemetry/opentelemetry-context/1.28.0/opentelemetry-context-1.28.0.jar:/Users/katali/.m2/repository/io/opentelemetry/opentelemetry-exporter-logging/1.28.0/opentelemetry-exporter-logging-1.28.0.jar:/Users/katali/.m2/repository/io/opentelemetry/opentelemetry-sdk-metrics/1.28.0/opentelemetry-sdk-metrics-1.28.0.jar:/Users/katali/.m2/repository/io/opentelemetry/opentelemetry-extension-incubator/1.28.0-alpha/opentelemetry-extension-incubator-1.28.0-alpha.jar:/Users/katali/.m2/repository/io/opentelemetry/opentelemetry-sdk-logs/1.28.0/opentelemetry-sdk-logs-1.28.0.jar:/Users/katali/.m2/repository/io/opentelemetry/opentelemetry-sdk-common/1.28.0/opentelemetry-sdk-common-1.28.0.jar:/Users/katali/.m2/repository/io/opentelemetry/opentelemetry-sdk-extension-autoconfigure-spi/1.28.0/opentelemetry-sdk-extension-autoconfigure-spi-1.28.0.jar:/Users/katali/.m2/repository/io/opentelemetry/opentelemetry-sdk-extension-autoconfigure/1.28.0/opentelemetry-sdk-extension-autoconfigure-1.28.0.jar:/Users/katali/.m2/repository/io/opentelemetry/opentelemetry-api-events/1.28.0-alpha/opentelemetry-api-events-1.28.0-alpha.jar:/Users/katali/.m2/repository/io/opentelemetry/opentelemetry-sdk-trace/1.28.0/opentelemetry-sdk-trace-1.28.0.jar:/Users/katali/.m2/repository/io/opentelemetry/opentelemetry-sdk/1.28.0/opentelemetry-sdk-1.28.0.jar:/Users/katali/.m2/repository/io/opentelemetry/opentelemetry-semconv/1.28.0-alpha/opentelemetry-semconv-1.28.0-alpha.jar:/Users/katali/.m2/repository/net/bytebuddy/byte-buddy/1.14.5/byte-buddy-1.14.5.jar:/Users/katali/.m2/repository/org/asynchttpclient/async-http-client/2.12.3/async-http-client-2.12.3.jar:/Users/katali/.m2/repository/org/asynchttpclient/async-http-client-netty-utils/2.12.3/async-http-client-netty-utils-2.12.3.jar:/Users/katali/.m2/repository/io/netty/netty-codec-socks/4.1.60.Final/netty-codec-socks-4.1.60.Final.jar:/Users/katali/.m2/repository/io/netty/netty-handler-proxy/4.1.60.Final/netty-handler-proxy-4.1.60.Final.jar:/Users/katali/.m2/repository/io/netty/netty-transport-native-epoll/4.1.60.Final/netty-transport-native-epoll-4.1.60.Final-linux-x86_64.jar:/Users/katali/.m2/repository/io/netty/netty-transport-native-kqueue/4.1.60.Final/netty-transport-native-kqueue-4.1.60.Final-osx-x86_64.jar:/Users/katali/.m2/repository/org/reactivestreams/reactive-streams/1.0.3/reactive-streams-1.0.3.jar:/Users/katali/.m2/repository/com/typesafe/netty/netty-reactive-streams/2.0.4/netty-reactive-streams-2.0.4.jar:/Users/katali/.m2/repository/com/sun/activation/jakarta.activation/1.2.2/jakarta.activation-1.2.2.jar:/Users/katali/.m2/repository/org/seleniumhq/selenium/selenium-http/4.13.0/selenium-http-4.13.0.jar:/Users/katali/.m2/repository/dev/failsafe/failsafe/3.3.2/failsafe-3.3.2.jar:/Users/katali/.m2/repository/org/seleniumhq/selenium/selenium-json/4.13.0/selenium-json-4.13.0.jar:/Users/katali/.m2/repository/org/seleniumhq/selenium/selenium-manager/4.13.0/selenium-manager-4.13.0.jar:/Users/katali/.m2/repository/org/seleniumhq/selenium/selenium-os/4.13.0/selenium-os-4.13.0.jar:/Users/katali/.m2/repository/org/apache/commons/commons-exec/1.3/commons-exec-1.3.jar:/Users/katali/.m2/repository/org/seleniumhq/selenium/selenium-support/4.13.0/selenium-support-4.13.0.jar:/Users/katali/.m2/repository/com/google/code/gson/gson/2.10.1/gson-2.10.1.jar:/Users/katali/.m2/repository/org/apache/commons/commons-lang3/3.13.0/commons-lang3-3.13.0.jar:/Users/katali/.m2/repository/commons-io/commons-io/2.14.0/commons-io-2.14.0.jar:/Users/katali/.m2/repository/org/slf4j/slf4j-api/2.0.9/slf4j-api-2.0.9.jar:/Users/katali/.m2/repository/io/cucumber/cucumber-java/7.18.1/cucumber-java-7.18.1.jar:/Users/katali/.m2/repository/io/cucumber/cucumber-core/7.18.1/cucumber-core-7.18.1.jar:/Users/katali/.m2/repository/io/cucumber/cucumber-gherkin/7.18.1/cucumber-gherkin-7.18.1.jar:/Users/katali/.m2/repository/io/cucumber/cucumber-gherkin-messages/7.18.1/cucumber-gherkin-messages-7.18.1.jar:/Users/katali/.m2/repository/io/cucumber/gherkin/28.0.0/gherkin-28.0.0.jar:/Users/katali/.m2/repository/io/cucumber/messages/24.1.0/messages-24.1.0.jar:/Users/katali/.m2/repository/io/cucumber/testng-xml-formatter/0.2.0/testng-xml-formatter-0.2.0.jar:/Users/katali/.m2/repository/io/cucumber/query/12.2.0/query-12.2.0.jar:/Users/katali/.m2/repository/io/cucumber/tag-expressions/6.1.0/tag-expressions-6.1.0.jar:/Users/katali/.m2/repository/io/cucumber/cucumber-expressions/17.1.0/cucumber-expressions-17.1.0.jar:/Users/katali/.m2/repository/io/cucumber/datatable/7.18.1/datatable-7.18.1.jar:/Users/katali/.m2/repository/io/cucumber/cucumber-plugin/7.18.1/cucumber-plugin-7.18.1.jar:/Users/katali/.m2/repository/io/cucumber/docstring/7.18.1/docstring-7.18.1.jar:/Users/katali/.m2/repository/io/cucumber/html-formatter/21.4.1/html-formatter-21.4.1.jar:/Users/katali/.m2/repository/io/cucumber/junit-xml-formatter/0.5.0/junit-xml-formatter-0.5.0.jar:/Users/katali/.m2/repository/io/cucumber/ci-environment/10.0.1/ci-environment-10.0.1.jar:/Users/katali/.m2/repository/org/apiguardian/apiguardian-api/1.1.2/apiguardian-api-1.1.2.jar:/Users/katali/.m2/repository/io/cucumber/cucumber-testng/7.18.1/cucumber-testng-7.18.1.jar:/Users/katali/.m2/repository/org/testng/testng/7.10.2/testng-7.10.2.jar:/Users/katali/.m2/repository/com/beust/jcommander/1.82/jcommander-1.82.jar:/Users/katali/.m2/repository/org/webjars/jquery/3.7.1/jquery-3.7.1.jar:/Users/katali/.m2/repository/io/qameta/allure/allure-cucumber7-jvm/2.29.0/allure-cucumber7-jvm-2.29.0.jar:/Users/katali/.m2/repository/io/qameta/allure/allure-java-commons/2.29.0/allure-java-commons-2.29.0.jar:/Users/katali/.m2/repository/io/qameta/allure/allure-model/2.29.0/allure-model-2.29.0.jar:/Users/katali/.m2/repository/io/qameta/allure/allure-testng/2.29.0/allure-testng-2.29.0.jar:/Users/katali/.m2/repository/io/qameta/allure/allure-test-filter/2.29.0/allure-test-filter-2.29.0.jar:/Users/katali/.m2/repository/com/googlecode/json-simple/json-simple/1.1.1/json-simple-1.1.1.jar:/Users/katali/.m2/repository/junit/junit/4.10/junit-4.10.jar:/Users/katali/.m2/repository/org/hamcrest/hamcrest-core/1.1/hamcrest-core-1.1.jar:/Users/katali/.m2/repository/ch/qos/logback/logback-classic/1.5.13/logback-classic-1.5.13.jar:/Users/katali/.m2/repository/ch/qos/logback/logback-core/1.5.13/logback-core-1.5.13.jar:"/>
    <property name="java.vm.vendor" value="Eclipse Adoptium"/>
    <property name="sun.arch.data.model" value="64"/>
    <property name="java.vendor.url" value="https://adoptium.net/"/>
    <property name="user.timezone" value="Europe/Istanbul"/>
    <property name="os.name" value="Mac OS X"/>
    <property name="java.vm.specification.version" value="21"/>
    <property name="dataproviderthreadcount" value="1"/>
    <property name="sun.java.launcher" value="SUN_STANDARD"/>
    <property name="user.country" value="TR"/>
    <property name="sun.boot.library.path" value="/Users/katali/.sdkman/candidates/java/21.0.2-tem/lib"/>
    <property name="sun.java.command" value="/Users/katali/Desktop/TeknasyonAppiumQAFramework/target-221123102025/surefire/surefirebooter-20251023142222464_3.jar /Users/katali/Desktop/TeknasyonAppiumQAFramework/target-221123102025/surefire 2025-10-23T14-22-22_419-jvmRun1 surefire-20251023142222464_1tmp surefire_0-20251023142222464_2tmp"/>
    <property name="http.nonProxyHosts" value="local|*.local|169.254/16|*.169.254/16"/>
    <property name="jdk.debug" value="release"/>
    <property name="surefire.test.class.path" value="/Users/katali/Desktop/TeknasyonAppiumQAFramework/target-221123102025/test-classes:/Users/katali/Desktop/TeknasyonAppiumQAFramework/target-221123102025/classes:/Users/katali/.m2/repository/io/appium/java-client/8.6.0/java-client-8.6.0.jar:/Users/katali/.m2/repository/org/seleniumhq/selenium/selenium-api/4.13.0/selenium-api-4.13.0.jar:/Users/katali/.m2/repository/org/seleniumhq/selenium/selenium-remote-driver/4.13.0/selenium-remote-driver-4.13.0.jar:/Users/katali/.m2/repository/com/google/auto/service/auto-service-annotations/1.1.1/auto-service-annotations-1.1.1.jar:/Users/katali/.m2/repository/com/google/guava/guava/32.1.2-jre/guava-32.1.2-jre.jar:/Users/katali/.m2/repository/com/google/guava/failureaccess/1.0.1/failureaccess-1.0.1.jar:/Users/katali/.m2/repository/com/google/guava/listenablefuture/9999.0-empty-to-avoid-conflict-with-guava/listenablefuture-9999.0-empty-to-avoid-conflict-with-guava.jar:/Users/katali/.m2/repository/com/google/code/findbugs/jsr305/3.0.2/jsr305-3.0.2.jar:/Users/katali/.m2/repository/org/checkerframework/checker-qual/3.33.0/checker-qual-3.33.0.jar:/Users/katali/.m2/repository/com/google/errorprone/error_prone_annotations/2.18.0/error_prone_annotations-2.18.0.jar:/Users/katali/.m2/repository/com/google/j2objc/j2objc-annotations/2.8/j2objc-annotations-2.8.jar:/Users/katali/.m2/repository/io/netty/netty-buffer/4.1.96.Final/netty-buffer-4.1.96.Final.jar:/Users/katali/.m2/repository/io/netty/netty-codec-http/4.1.96.Final/netty-codec-http-4.1.96.Final.jar:/Users/katali/.m2/repository/io/netty/netty-codec/4.1.96.Final/netty-codec-4.1.96.Final.jar:/Users/katali/.m2/repository/io/netty/netty-handler/4.1.96.Final/netty-handler-4.1.96.Final.jar:/Users/katali/.m2/repository/io/netty/netty-common/4.1.96.Final/netty-common-4.1.96.Final.jar:/Users/katali/.m2/repository/io/netty/netty-transport-classes-epoll/4.1.96.Final/netty-transport-classes-epoll-4.1.96.Final.jar:/Users/katali/.m2/repository/io/netty/netty-transport-classes-kqueue/4.1.96.Final/netty-transport-classes-kqueue-4.1.96.Final.jar:/Users/katali/.m2/repository/io/netty/netty-transport-native-epoll/4.1.96.Final/netty-transport-native-epoll-4.1.96.Final.jar:/Users/katali/.m2/repository/io/netty/netty-transport-native-kqueue/4.1.96.Final/netty-transport-native-kqueue-4.1.96.Final.jar:/Users/katali/.m2/repository/io/netty/netty-transport-native-unix-common/4.1.96.Final/netty-transport-native-unix-common-4.1.96.Final.jar:/Users/katali/.m2/repository/io/netty/netty-transport/4.1.96.Final/netty-transport-4.1.96.Final.jar:/Users/katali/.m2/repository/io/netty/netty-resolver/4.1.96.Final/netty-resolver-4.1.96.Final.jar:/Users/katali/.m2/repository/io/opentelemetry/opentelemetry-api/1.28.0/opentelemetry-api-1.28.0.jar:/Users/katali/.m2/repository/io/opentelemetry/opentelemetry-context/1.28.0/opentelemetry-context-1.28.0.jar:/Users/katali/.m2/repository/io/opentelemetry/opentelemetry-exporter-logging/1.28.0/opentelemetry-exporter-logging-1.28.0.jar:/Users/katali/.m2/repository/io/opentelemetry/opentelemetry-sdk-metrics/1.28.0/opentelemetry-sdk-metrics-1.28.0.jar:/Users/katali/.m2/repository/io/opentelemetry/opentelemetry-extension-incubator/1.28.0-alpha/opentelemetry-extension-incubator-1.28.0-alpha.jar:/Users/katali/.m2/repository/io/opentelemetry/opentelemetry-sdk-logs/1.28.0/opentelemetry-sdk-logs-1.28.0.jar:/Users/katali/.m2/repository/io/opentelemetry/opentelemetry-sdk-common/1.28.0/opentelemetry-sdk-common-1.28.0.jar:/Users/katali/.m2/repository/io/opentelemetry/opentelemetry-sdk-extension-autoconfigure-spi/1.28.0/opentelemetry-sdk-extension-autoconfigure-spi-1.28.0.jar:/Users/katali/.m2/repository/io/opentelemetry/opentelemetry-sdk-extension-autoconfigure/1.28.0/opentelemetry-sdk-extension-autoconfigure-1.28.0.jar:/Users/katali/.m2/repository/io/opentelemetry/opentelemetry-api-events/1.28.0-alpha/opentelemetry-api-events-1.28.0-alpha.jar:/Users/katali/.m2/repository/io/opentelemetry/opentelemetry-sdk-trace/1.28.0/opentelemetry-sdk-trace-1.28.0.jar:/Users/katali/.m2/repository/io/opentelemetry/opentelemetry-sdk/1.28.0/opentelemetry-sdk-1.28.0.jar:/Users/katali/.m2/repository/io/opentelemetry/opentelemetry-semconv/1.28.0-alpha/opentelemetry-semconv-1.28.0-alpha.jar:/Users/katali/.m2/repository/net/bytebuddy/byte-buddy/1.14.5/byte-buddy-1.14.5.jar:/Users/katali/.m2/repository/org/asynchttpclient/async-http-client/2.12.3/async-http-client-2.12.3.jar:/Users/katali/.m2/repository/org/asynchttpclient/async-http-client-netty-utils/2.12.3/async-http-client-netty-utils-2.12.3.jar:/Users/katali/.m2/repository/io/netty/netty-codec-socks/4.1.60.Final/netty-codec-socks-4.1.60.Final.jar:/Users/katali/.m2/repository/io/netty/netty-handler-proxy/4.1.60.Final/netty-handler-proxy-4.1.60.Final.jar:/Users/katali/.m2/repository/io/netty/netty-transport-native-epoll/4.1.60.Final/netty-transport-native-epoll-4.1.60.Final-linux-x86_64.jar:/Users/katali/.m2/repository/io/netty/netty-transport-native-kqueue/4.1.60.Final/netty-transport-native-kqueue-4.1.60.Final-osx-x86_64.jar:/Users/katali/.m2/repository/org/reactivestreams/reactive-streams/1.0.3/reactive-streams-1.0.3.jar:/Users/katali/.m2/repository/com/typesafe/netty/netty-reactive-streams/2.0.4/netty-reactive-streams-2.0.4.jar:/Users/katali/.m2/repository/com/sun/activation/jakarta.activation/1.2.2/jakarta.activation-1.2.2.jar:/Users/katali/.m2/repository/org/seleniumhq/selenium/selenium-http/4.13.0/selenium-http-4.13.0.jar:/Users/katali/.m2/repository/dev/failsafe/failsafe/3.3.2/failsafe-3.3.2.jar:/Users/katali/.m2/repository/org/seleniumhq/selenium/selenium-json/4.13.0/selenium-json-4.13.0.jar:/Users/katali/.m2/repository/org/seleniumhq/selenium/selenium-manager/4.13.0/selenium-manager-4.13.0.jar:/Users/katali/.m2/repository/org/seleniumhq/selenium/selenium-os/4.13.0/selenium-os-4.13.0.jar:/Users/katali/.m2/repository/org/apache/commons/commons-exec/1.3/commons-exec-1.3.jar:/Users/katali/.m2/repository/org/seleniumhq/selenium/selenium-support/4.13.0/selenium-support-4.13.0.jar:/Users/katali/.m2/repository/com/google/code/gson/gson/2.10.1/gson-2.10.1.jar:/Users/katali/.m2/repository/org/apache/commons/commons-lang3/3.13.0/commons-lang3-3.13.0.jar:/Users/katali/.m2/repository/commons-io/commons-io/2.14.0/commons-io-2.14.0.jar:/Users/katali/.m2/repository/org/slf4j/slf4j-api/2.0.9/slf4j-api-2.0.9.jar:/Users/katali/.m2/repository/io/cucumber/cucumber-java/7.18.1/cucumber-java-7.18.1.jar:/Users/katali/.m2/repository/io/cucumber/cucumber-core/7.18.1/cucumber-core-7.18.1.jar:/Users/katali/.m2/repository/io/cucumber/cucumber-gherkin/7.18.1/cucumber-gherkin-7.18.1.jar:/Users/katali/.m2/repository/io/cucumber/cucumber-gherkin-messages/7.18.1/cucumber-gherkin-messages-7.18.1.jar:/Users/katali/.m2/repository/io/cucumber/gherkin/28.0.0/gherkin-28.0.0.jar:/Users/katali/.m2/repository/io/cucumber/messages/24.1.0/messages-24.1.0.jar:/Users/katali/.m2/repository/io/cucumber/testng-xml-formatter/0.2.0/testng-xml-formatter-0.2.0.jar:/Users/katali/.m2/repository/io/cucumber/query/12.2.0/query-12.2.0.jar:/Users/katali/.m2/repository/io/cucumber/tag-expressions/6.1.0/tag-expressions-6.1.0.jar:/Users/katali/.m2/repository/io/cucumber/cucumber-expressions/17.1.0/cucumber-expressions-17.1.0.jar:/Users/katali/.m2/repository/io/cucumber/datatable/7.18.1/datatable-7.18.1.jar:/Users/katali/.m2/repository/io/cucumber/cucumber-plugin/7.18.1/cucumber-plugin-7.18.1.jar:/Users/katali/.m2/repository/io/cucumber/docstring/7.18.1/docstring-7.18.1.jar:/Users/katali/.m2/repository/io/cucumber/html-formatter/21.4.1/html-formatter-21.4.1.jar:/Users/katali/.m2/repository/io/cucumber/junit-xml-formatter/0.5.0/junit-xml-formatter-0.5.0.jar:/Users/katali/.m2/repository/io/cucumber/ci-environment/10.0.1/ci-environment-10.0.1.jar:/Users/katali/.m2/repository/org/apiguardian/apiguardian-api/1.1.2/apiguardian-api-1.1.2.jar:/Users/katali/.m2/repository/io/cucumber/cucumber-testng/7.18.1/cucumber-testng-7.18.1.jar:/Users/katali/.m2/repository/org/testng/testng/7.10.2/testng-7.10.2.jar:/Users/katali/.m2/repository/com/beust/jcommander/1.82/jcommander-1.82.jar:/Users/katali/.m2/repository/org/webjars/jquery/3.7.1/jquery-3.7.1.jar:/Users/katali/.m2/repository/io/qameta/allure/allure-cucumber7-jvm/2.29.0/allure-cucumber7-jvm-2.29.0.jar:/Users/katali/.m2/repository/io/qameta/allure/allure-java-commons/2.29.0/allure-java-commons-2.29.0.jar:/Users/katali/.m2/repository/io/qameta/allure/allure-model/2.29.0/allure-model-2.29.0.jar:/Users/katali/.m2/repository/io/qameta/allure/allure-testng/2.29.0/allure-testng-2.29.0.jar:/Users/katali/.m2/repository/io/qameta/allure/allure-test-filter/2.29.0/allure-test-filter-2.29.0.jar:/Users/katali/.m2/repository/com/googlecode/json-simple/json-simple/1.1.1/json-simple-1.1.1.jar:/Users/katali/.m2/repository/junit/junit/4.10/junit-4.10.jar:/Users/katali/.m2/repository/org/hamcrest/hamcrest-core/1.1/hamcrest-core-1.1.jar:/Users/katali/.m2/repository/ch/qos/logback/logback-classic/1.5.13/logback-classic-1.5.13.jar:/Users/katali/.m2/repository/ch/qos/logback/logback-core/1.5.13/logback-core-1.5.13.jar:"/>
    <property name="sun.cpu.endian" value="little"/>
    <property name="allure.results.directory" value="/Users/katali/Desktop/TeknasyonAppiumQAFramework/target-221123102025/allure-results"/>
    <property name="user.home" value="/Users/katali"/>
    <property name="user.language" value="en"/>
    <property name="java.specification.vendor" value="Oracle Corporation"/>
    <property name="java.version.date" value="2024-01-16"/>
    <property name="java.home" value="/Users/katali/.sdkman/candidates/java/21.0.2-tem"/>
    <property name="file.separator" value="/"/>
    <property name="basedir" value="/Users/katali/Desktop/TeknasyonAppiumQAFramework"/>
    <property name="java.vm.compressedOopsMode" value="Zero based"/>
    <property name="line.separator" value="&#10;"/>
    <property name="java.vm.specification.vendor" value="Oracle Corporation"/>
    <property name="java.specification.name" value="Java Platform API Specification"/>
    <property name="apple.awt.application.name" value="ForkedBooter"/>
    <property name="surefire.real.class.path" value="/Users/katali/Desktop/TeknasyonAppiumQAFramework/target-221123102025/surefire/surefirebooter-20251023142222464_3.jar"/>
    <property name="sun.management.compiler" value="HotSpot 64-Bit Tiered Compilers"/>
    <property name="ftp.nonProxyHosts" value="local|*.local|169.254/16|*.169.254/16"/>
    <property name="java.runtime.version" value="21.0.2+13-LTS"/>
    <property name="user.name" value="katali"/>
    <property name="stdout.encoding" value="UTF-8"/>
    <property name="path.separator" value=":"/>
    <property name="os.version" value="15.5"/>
    <property name="java.runtime.name" value="OpenJDK Runtime Environment"/>
    <property name="file.encoding" value="UTF-8"/>
    <property name="browser" value="chrome"/>
    <property name="java.vm.name" value="OpenJDK 64-Bit Server VM"/>
    <property name="java.vendor.version" value="Temurin-21.0.2+13"/>
    <property name="localRepository" value="/Users/katali/.m2/repository"/>
    <property name="java.vendor.url.bug" value="https://github.com/adoptium/adoptium-support/issues"/>
    <property name="java.io.tmpdir" value="/var/folders/89/p9vwmd697t94vh6bjdl14h900000gn/T/"/>
    <property name="java.version" value="21.0.2"/>
    <property name="cucumber.filter.tags" value="@ClearCache"/>
    <property name="user.dir" value="/Users/katali/Desktop/TeknasyonAppiumQAFramework"/>
    <property name="os.arch" value="aarch64"/>
    <property name="java.vm.specification.name" value="Java Virtual Machine Specification"/>
    <property name="native.encoding" value="UTF-8"/>
    <property name="java.library.path" value="/Users/katali/Library/Java/Extensions:/Library/Java/Extensions:/Network/Library/Java/Extensions:/System/Library/Java/Extensions:/usr/lib/java:."/>
    <property name="java.vm.info" value="mixed mode"/>
    <property name="stderr.encoding" value="UTF-8"/>
    <property name="java.vendor" value="Eclipse Adoptium"/>
    <property name="java.vm.version" value="21.0.2+13-LTS"/>
    <property name="sun.io.unicode.encoding" value="UnicodeBig"/>
    <property name="socksNonProxyHosts" value="local|*.local|169.254/16|*.169.254/16"/>
    <property name="java.class.version" value="65.0"/>
  </properties>
  <testcase name="runScenario[&quot;Validate default and updated texts in Custom Title Activity&quot;, &quot;Custom Title Update&quot;](1)" classname="runners.TestRunner" time="21.774">
    <failure message="The menu item is not displayed. App  expected [true] but found [false]" type="java.lang.AssertionError"><![CDATA[java.lang.AssertionError: The menu item is not displayed. App  expected [true] but found [false]
	at org.testng.Assert.fail(Assert.java:111)
	at org.testng.Assert.failNotEquals(Assert.java:1578)
	at org.testng.Assert.assertTrue(Assert.java:57)
	at pages.BasePage.assertTrue(BasePage.java:133)
	at pages.BasePage.assertVisible(BasePage.java:155)
	at pages.CommonPage.navigateToMenu(CommonPage.java:37)
	at stepdefinations.CommonSteps.theUserNavigatesToMenu(CommonSteps.java:13)
	at ✽.the user navigates to the following menu(file:///Users/katali/Desktop/TeknasyonAppiumQAFramework/src/test/resources/Feature/CustomTitleUpdateTest.feature:5)
]]></failure>
    <system-out><![CDATA[2025-10-23 14:22:23 INFO  config.AppSettings - Konfigürasyon yüklendi. Platform: android
2025-10-23 14:22:23 INFO  stepdefinations.Hooks - Senaryo başlıyor: Validate default and updated texts in Custom Title Activity [Thread: 32]
2025-10-23 14:22:23 INFO  driver.DriverManager - Initializing driver for platform: android on thread: 32
2025-10-23 14:22:23 INFO  driver.BaseDriverFactory - Creating Android driver for thread: 32
2025-10-23 14:22:29 INFO  driver.BaseDriverFactory - Android driver successfully created for thread: 32
2025-10-23 14:22:29 INFO  driver.DriverManager - Driver successfully initialized for thread: 32
2025-10-23 14:22:29 INFO  pages.CommonPage - Navigating to menu item: App
2025-10-23 14:22:39 ERROR stepdefinations.Hooks - Senaryo BAŞARISIZ: Validate default and updated texts in Custom Title Activity
2025-10-23 14:22:40 INFO  stepdefinations.Hooks - Ekran görüntüsü alındı ve rapora eklendi.
2025-10-23 14:22:45 INFO  driver.DriverManager - Driver quit successfully for thread: 32
]]></system-out>
  </testcase>
</testsuite>